2025/12/24 00:01:49 [RUN-000149] 🐱 Tofi Engine 启动...
2025/12/24 00:01:49 [RUN-000149] [START]   [base_dir] 类型: var
2025/12/24 00:01:49 [RUN-000149] [SUCCESS] [base_dir] 输出: /tmp/tofi_test
2025/12/24 00:01:49 [RUN-000149] [START]   [get_status] 类型: shell
2025/12/24 00:01:49 [RUN-000149] [START]   [make_dir] 类型: shell
2025/12/24 00:01:49 [RUN-000149] [SUCCESS] [get_status] 输出: {"code": 200, "msg": "ok"}
2025/12/24 00:01:49 [RUN-000149] [START]   [check_status] 类型: if
2025/12/24 00:01:49 [RUN-000149] [SUCCESS] [check_status] 输出: 200 == 200
2025/12/24 00:01:49 [RUN-000149] [WAIT]    [save_log] 仍在等待依赖: make_dir
2025/12/24 00:01:49 [RUN-000149] [SUCCESS] [make_dir] 输出: 
2025/12/24 00:01:49 🏁 Done. Log saved to: 20251224.log
2025/12/24 00:05:33 [RUN-000533] 🐱 Tofi Engine 启动...
2025/12/24 00:05:33 [RUN-000533] [START]   [target_node] 类型: shell
2025/12/24 00:05:33 [RUN-000533] [START]   [trigger_node] 类型: shell
2025/12/24 00:05:33 [RUN-000533] [SUCCESS] [target_node] 输出: 🎯 目标节点执行成功！
2025/12/24 00:05:34 [RUN-000533] [SUCCESS] [trigger_node] 输出: 我是节点 A，我正在尝试二次触发目标节点...
2025/12/24 00:05:34 🏁 Done. Log saved to: 20251224.log
2025/12/24 00:19:00 [RUN-001900] 🐱 Tofi Engine 启动...
2025/12/24 00:19:00 [RUN-001900] [START]   [target_node] 类型: shell
2025/12/24 00:19:00 [RUN-001900] [START]   [trigger_node] 类型: shell
2025/12/24 00:19:00 [RUN-001900] [SUCCESS] [target_node] 输出: 🎯 目标节点执行成功！
2025/12/24 00:19:01 [RUN-001900] [SUCCESS] [trigger_node] 输出: 我是节点 A，我正在尝试二次触发目标节点...
2025/12/24 00:19:01 🏁 Done. Log saved to: 20251224.log
2025/12/24 00:21:53 [RUN-002153] 🐱 Tofi Engine 启动...
2025/12/24 00:21:53 [RUN-002153] [START]   [target_node] 类型: shell
2025/12/24 00:21:53 [RUN-002153] [START]   [trigger_node] 类型: shell
2025/12/24 00:21:53 [RUN-002153] [SUCCESS] [target_node] 输出: 🎯 目标节点执行成功！
2025/12/24 00:21:54 [RUN-002153] [SUCCESS] [trigger_node] 输出: 我是节点 A，我正在尝试二次触发目标节点...
2025/12/24 00:21:54 🏁 Done.
